<?xml version="1.0" encoding="UTF-8"?>
<testng-results skipped="0" failed="0" ignored="0" total="1" passed="1">
  <reporter-output>
  </reporter-output>
  <suite name="Default suite" duration-ms="116" started-at="2017-11-07T12:11:02Z" finished-at="2017-11-07T12:11:03Z">
    <groups>
    </groups>
    <test name="Default test" duration-ms="116" started-at="2017-11-07T12:11:02Z" finished-at="2017-11-07T12:11:03Z">
      <class name="GSONSample">
        <test-method status="PASS" signature="beforeSuite()[pri:0, instance:GSONSample@1810399e]" name="beforeSuite" is-config="true" duration-ms="84" started-at="2017-11-07T17:41:02Z" finished-at="2017-11-07T17:41:03Z">
          <reporter-output>
          </reporter-output>
        </test-method> <!-- beforeSuite -->
        <test-method status="PASS" signature="beforeMethod()[pri:0, instance:GSONSample@1810399e]" name="beforeMethod" is-config="true" duration-ms="0" started-at="2017-11-07T17:41:03Z" finished-at="2017-11-07T17:41:03Z">
          <reporter-output>
          </reporter-output>
        </test-method> <!-- beforeMethod -->
        <test-method status="PASS" signature="f()[pri:0, instance:GSONSample@1810399e]" name="f" duration-ms="6" started-at="2017-11-07T17:41:03Z" finished-at="2017-11-07T17:41:03Z">
          <reporter-output>
          </reporter-output>
        </test-method> <!-- f -->
        <test-method status="PASS" signature="afterMethod()[pri:0, instance:GSONSample@1810399e]" name="afterMethod" is-config="true" duration-ms="0" started-at="2017-11-07T17:41:03Z" finished-at="2017-11-07T17:41:03Z">
          <reporter-output>
          </reporter-output>
        </test-method> <!-- afterMethod -->
      </class> <!-- GSONSample -->
    </test> <!-- Default test -->
  </suite> <!-- Default suite -->
</testng-results>
